[debug] [2025-06-06T00:32:25.961Z] ----------------------------------------------------------------------
[debug] [2025-06-06T00:32:25.967Z] Command:       C:\Program Files\nodejs\node.exe C:\Users\User23\AppData\Roaming\npm\node_modules\firebase-tools\lib\bin\firebase.js init hosting
[debug] [2025-06-06T00:32:25.968Z] CLI Version:   14.6.0
[debug] [2025-06-06T00:32:25.968Z] Platform:      win32
[debug] [2025-06-06T00:32:25.968Z] Node Version:  v22.15.0
[debug] [2025-06-06T00:32:25.969Z] Time:          Fri Jun 06 2025 08:32:25 GMT+0800 (台北標準時間)
[debug] [2025-06-06T00:32:25.969Z] ----------------------------------------------------------------------
[debug] 
[debug] [2025-06-06T00:32:25.988Z] > command requires scopes: ["email","openid","https://www.googleapis.com/auth/cloudplatformprojects.readonly","https://www.googleapis.com/auth/firebase","https://www.googleapis.com/auth/cloud-platform"]
[debug] [2025-06-06T00:32:25.989Z] > authorizing via signed-in user (persempre080709@gmail.com)
[info] 
     ######## #### ########  ######## ########     ###     ######  ########
     ##        ##  ##     ## ##       ##     ##  ##   ##  ##       ##
     ######    ##  ########  ######   ########  #########  ######  ######
     ##        ##  ##    ##  ##       ##     ## ##     ##       ## ##
     ##       #### ##     ## ######## ########  ##     ##  ######  ########

You're about to initialize a Firebase project in this directory:

  D:\BackUp\User23 DATA\Downloads\lunch-order-optimized

[info] 
=== Project Setup
[info] 
[info] First, let's associate this project directory with a Firebase project.
[info] You can create multiple project aliases by running firebase use --add, 
[info] but for now we'll just set up a default project.
[info] 
[debug] [2025-06-06T00:35:12.274Z] Checked if tokens are valid: true, expires at: 1749172488722
[debug] [2025-06-06T00:35:12.275Z] Checked if tokens are valid: true, expires at: 1749172488722
[debug] [2025-06-06T00:35:12.278Z] >>> [apiv2][query] GET https://firebase.googleapis.com/v1beta1/projects pageSize=100
[debug] [2025-06-06T00:35:12.948Z] <<< [apiv2][status] GET https://firebase.googleapis.com/v1beta1/projects 200
[debug] [2025-06-06T00:35:12.949Z] <<< [apiv2][body] GET https://firebase.googleapis.com/v1beta1/projects [omitted]
[info] i  Using project lunchorder-2b476 (LunchOrder) 
[info] 
=== Hosting Setup
[debug] [2025-06-06T00:35:18.160Z] Checked if tokens are valid: true, expires at: 1749172488722
[debug] [2025-06-06T00:35:18.161Z] Checked if tokens are valid: true, expires at: 1749172488722
[debug] [2025-06-06T00:35:18.161Z] >>> [apiv2][query] GET https://firebase.googleapis.com/v1beta1/projects/lunchorder-2b476 [none]
[debug] [2025-06-06T00:35:18.529Z] <<< [apiv2][status] GET https://firebase.googleapis.com/v1beta1/projects/lunchorder-2b476 200
[debug] [2025-06-06T00:35:18.530Z] <<< [apiv2][body] GET https://firebase.googleapis.com/v1beta1/projects/lunchorder-2b476 {"projectId":"lunchorder-2b476","projectNumber":"1061455240439","displayName":"LunchOrder","name":"projects/lunchorder-2b476","resources":{"hostingSite":"lunchorder-2b476"},"state":"ACTIVE","etag":"1_14eba4c8-6af4-4845-8455-0990903081f7"}
[info] 
[info] Your public directory is the folder (relative to your project directory) that
[info] will contain Hosting assets to be uploaded with firebase deploy. If you
[info] have a build process for your assets, use your build's output directory.
[info] 
[debug] [2025-06-06T00:39:32.295Z] >>> [apiv2][query] GET https://www.gstatic.com/firebasejs/releases.json [none]
[debug] [2025-06-06T00:39:32.346Z] <<< [apiv2][status] GET https://www.gstatic.com/firebasejs/releases.json 200
[debug] [2025-06-06T00:39:32.347Z] <<< [apiv2][body] GET https://www.gstatic.com/firebasejs/releases.json {"current":{"version":"11.9.0","browserURL":"https://www.gstatic.com/firebasejs/11.9.0/firebase.js","packageURL":"https://www.gstatic.com/firebasejs/11.9.0/firebase.tgz"},"live":{"version":"11.9","browserURL":"https://www.gstatic.com/firebasejs/live/11.9/firebase.js","packageURL":"https://www.gstatic.com/firebasejs/live/11.9/firebase.tgz"},"components":{"ai":"https://www.gstatic.com/firebasejs/11.9.0/firebase-ai.js","analytics":"https://www.gstatic.com/firebasejs/11.9.0/firebase-analytics.js","app":"https://www.gstatic.com/firebasejs/11.9.0/firebase-app.js","app-check":"https://www.gstatic.com/firebasejs/11.9.0/firebase-app-check.js","auth":"https://www.gstatic.com/firebasejs/11.9.0/firebase-auth.js","auth/cordova":"https://www.gstatic.com/firebasejs/11.9.0/firebase-auth/cordova.js","auth/web-extension":"https://www.gstatic.com/firebasejs/11.9.0/firebase-auth/web-extension.js","functions":"https://www.gstatic.com/firebasejs/11.9.0/firebase-functions.js","firestore":"https://www.gstatic.com/firebasejs/11.9.0/firebase-firestore.js","firestore/lite":"https://www.gstatic.com/firebasejs/11.9.0/firebase-firestore/lite.js","installations":"https://www.gstatic.com/firebasejs/11.9.0/firebase-installations.js","storage":"https://www.gstatic.com/firebasejs/11.9.0/firebase-storage.js","performance":"https://www.gstatic.com/firebasejs/11.9.0/firebase-performance.js","remote-config":"https://www.gstatic.com/firebasejs/11.9.0/firebase-remote-config.js","messaging":"https://www.gstatic.com/firebasejs/11.9.0/firebase-messaging.js","messaging/sw":"https://www.gstatic.com/firebasejs/11.9.0/firebase-messaging/sw.js","database":"https://www.gstatic.com/firebasejs/11.9.0/firebase-database.js","vertexai":"https://www.gstatic.com/firebasejs/11.9.0/firebase-vertexai.js","data-connect":"https://www.gstatic.com/firebasejs/11.9.0/firebase-data-connect.js","firestore.memory":"https://www.gstatic.com/firebasejs/11.9.0/firebase-firestore.memory.js"}}
[info] +  Wrote public/index.html 
[info] 
[info] i  Didn't detect a .git folder. Assuming D:\BackUp\User23 DATA\Downloads\lunch-order-optimized is the project root. 
[info] i  Authorizing with GitHub to upload your service account to a GitHub repository's secrets store. 
[info] 
[info] Visit this URL on this device to log in:
[info] https://github.com/login/oauth/authorize?client_id=89cf50f02ac6aaed3484&state=466297433&redirect_uri=http%3A%2F%2Flocalhost%3A9005&scope=read%3Auser%20repo%20public_repo
[info] 
[info] Waiting for authentication...
[debug] [2025-06-06T00:39:58.151Z] >>> [apiv2][query] POST https://github.com/login/oauth/access_token [none]
[debug] [2025-06-06T00:39:58.151Z] >>> [apiv2][body] POST https://github.com/login/oauth/access_token [stream]
[debug] [2025-06-06T00:39:58.899Z] <<< [apiv2][status] POST https://github.com/login/oauth/access_token 200
[debug] [2025-06-06T00:39:58.899Z] <<< [apiv2][body] POST https://github.com/login/oauth/access_token {"access_token":"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","token_type":"bearer","scope":"read:user,repo"}
[debug] [2025-06-06T00:39:58.908Z] >>> [apiv2][query] GET https://api.github.com/user [none]
[debug] [2025-06-06T00:39:59.368Z] <<< [apiv2][status] GET https://api.github.com/user 200
[debug] [2025-06-06T00:39:59.368Z] <<< [apiv2][body] GET https://api.github.com/user {"login":"LRYuChi","id":103913372,"node_id":"U_kgDOBjGXnA","avatar_url":"https://avatars.githubusercontent.com/u/103913372?v=4","gravatar_id":"","url":"https://api.github.com/users/LRYuChi","html_url":"https://github.com/LRYuChi","followers_url":"https://api.github.com/users/LRYuChi/followers","following_url":"https://api.github.com/users/LRYuChi/following{/other_user}","gists_url":"https://api.github.com/users/LRYuChi/gists{/gist_id}","starred_url":"https://api.github.com/users/LRYuChi/starred{/owner}{/repo}","subscriptions_url":"https://api.github.com/users/LRYuChi/subscriptions","organizations_url":"https://api.github.com/users/LRYuChi/orgs","repos_url":"https://api.github.com/users/LRYuChi/repos","events_url":"https://api.github.com/users/LRYuChi/events{/privacy}","received_events_url":"https://api.github.com/users/LRYuChi/received_events","type":"User","user_view_type":"private","site_admin":false,"name":null,"company":null,"blog":"","location":null,"email":null,"hireable":null,"bio":null,"twitter_username":null,"notification_email":null,"public_repos":3,"public_gists":0,"followers":0,"following":2,"created_at":"2022-04-18T02:46:41Z","updated_at":"2025-06-06T00:39:51Z","private_gists":0,"total_private_repos":0,"owned_private_repos":0,"disk_usage":29,"collaborators":0,"two_factor_authentication":false,"plan":{"name":"free","space":976562499,"collaborators":0,"private_repos":10000}}
[info] 
[info] +  Success! Logged into GitHub as LRYuChi 
[info] 
